#
# A fatal error has been detected by the Java Runtime Environment:
#
#  EXCEPTION_ACCESS_VIOLATION (0xc0000005) at pc=0x00000000603c233c, pid=6584, tid=0x00000000000019c8
#
# JRE version: Java(TM) SE Runtime Environment (8.0_141-b15) (build 1.8.0_141-b15)
# Java VM: Java HotSpot(TM) 64-Bit Server VM (25.141-b15 mixed mode windows-amd64 compressed oops)
# Problematic frame:
# V  [jvm.dll+0x52233c]
#
# Failed to write core dump. Minidumps are not enabled by default on client versions of Windows
#
# If you would like to submit a bug report, please visit:
#   http://bugreport.java.com/bugreport/crash.jsp
#

---------------  T H R E A D  ---------------

Current thread (0x000000001660c800):  JavaThread "C2 CompilerThread1" daemon [_thread_in_native, id=6600, stack(0x0000000017d40000,0x0000000017e40000)]

siginfo: ExceptionCode=0xc0000005, writing address 0x00000000fecace8f

Registers:
RAX=0x000000001cdcde68, RBX=0x000000001cdcd4e0, RCX=0x0000000017e3db80, RDX=0x000000001cdccea0
RSP=0x0000000017e3db40, RBP=0x0000000017e3dc19, RSI=0x0000000017e3ea50, RDI=0x000000001cdcde68
R8 =0x000000001cdcde68, R9 =0x0000000000002444, R10=0x000000001664fce0, R11=0x0000000000000000
R12=0x000000001cdcde00, R13=0x000000001cdcd480, R14=0x0000000017e3dd50, R15=0x000000001f2d1a40
RIP=0x00000000603c233c, EFLAGS=0x0000000000010206

Top of Stack: (sp=0x0000000017e3db40)
0x0000000017e3db40:   0000000017e3dc19 000000001cdcde00
0x0000000017e3db50:   000000001cdcd4e0 0000000017e3ea50
0x0000000017e3db60:   00000000bf800000 0000000000000000
0x0000000017e3db70:   0000000000000000 000000007fffffff
0x0000000017e3db80:   000000006050d170 0000000000000001
0x0000000017e3db90:   0000000017e3ea50 0000000017e3f600
0x0000000017e3dba0:   0000000017e3dff0 000000001cdccc90
0x0000000017e3dbb0:   0000000000000000 0000000000000087
0x0000000017e3dbc0:   000000001b055870 0000000000000000
0x0000000017e3dbd0:   0000000000000001 000000001cdcd4e0
0x0000000017e3dbe0:   000000001cdcd480 000000001dc7f7f8
0x0000000017e3dbf0:   000000001f2d26d0 000000001cdcd440
0x0000000017e3dc00:   000000001d7d5678 000000001d7d4f20
0x0000000017e3dc10:   0000000000000000 0000000000000000
0x0000000017e3dc20:   0000000000000000 0000000000000000
0x0000000017e3dc30:   000000001d7d4f20 0000000060482828 

Instructions: (pc=0x00000000603c233c)
0x00000000603c231c:   48 8b 4d 87 48 8b d7 48 8b 01 ff 50 08 48 8b 4d
0x00000000603c232c:   8f 0f 28 df 48 8b 51 08 48 8d 4c 24 40 4c 8b c0
0x00000000603c233c:   f3 0f 11 74 fc 0f 9d 55 ea d7 cb 79 ce ef a1 55
0x00000000603c234c:   64 24 50 49 83 bc 24 b0 01 00 00 c7 48 8b f0 76 


Register to memory mapping:

RAX=0x000000001cdcde68 is an unknown value
RBX=0x000000001cdcd4e0 is an unknown value
RCX=0x0000000017e3db80 is pointing into the stack for thread: 0x000000001660c800
RDX=0x000000001cdccea0 is an unknown value
RSP=0x0000000017e3db40 is pointing into the stack for thread: 0x000000001660c800
RBP=0x0000000017e3dc19 is pointing into the stack for thread: 0x000000001660c800
RSI=0x0000000017e3ea50 is pointing into the stack for thread: 0x000000001660c800
RDI=0x000000001cdcde68 is an unknown value
R8 =0x000000001cdcde68 is an unknown value
R9 =0x0000000000002444 is an unknown value
R10=0x000000001664fce0 is an unknown value
R11=0x0000000000000000 is an unknown value
R12=0x000000001cdcde00 is an unknown value
R13=0x000000001cdcd480 is an unknown value
R14=0x0000000017e3dd50 is pointing into the stack for thread: 0x000000001660c800
R15=0x000000001f2d1a40 is an unknown value


Stack: [0x0000000017d40000,0x0000000017e40000],  sp=0x0000000017e3db40,  free space=1014k
Native frames: (J=compiled Java code, j=interpreted, Vv=VM code, C=native code)
V  [jvm.dll+0x52233c]
V  [jvm.dll+0x522cb0]
V  [jvm.dll+0x473d30]
V  [jvm.dll+0x476cf4]
V  [jvm.dll+0x4598c2]
V  [jvm.dll+0xa5dc2]
V  [jvm.dll+0xa66ff]
V  [jvm.dll+0x24524f]
V  [jvm.dll+0x29ca6a]
C  [msvcr100.dll+0x21d9f]
C  [msvcr100.dll+0x21e3b]
C  [KERNEL32.DLL+0x13d2]
C  [ntdll.dll+0x154f4]


Current CompileTask:
C2:   8767 2125   !   4       java.net.URL::<init> (543 bytes)


---------------  P R O C E S S  ---------------

Java Threads: ( => current thread )
  0x00000000199c5000 JavaThread "Cache worker for file hash cache (F:\PROJECT_ANDROID\PROJECTKU\EKinerja\.gradle\4.4\fileHashes)" [_thread_blocked, id=3356, stack(0x000000001d2b0000,0x000000001d3b0000)]
  0x00000000199c4000 JavaThread "File lock request listener" [_thread_in_native, id=1856, stack(0x000000001c0b0000,0x000000001c1b0000)]
  0x00000000199c2800 JavaThread "Cache worker for file hash cache (C:\Users\Cyber_net\.gradle\caches\4.4\fileHashes)" [_thread_blocked, id=7504, stack(0x000000001bfb0000,0x000000001c0b0000)]
  0x0000000018e5a000 JavaThread "Stdin handler" [_thread_blocked, id=7476, stack(0x000000001ace0000,0x000000001ade0000)]
  0x00000000195b6800 JavaThread "Asynchronous log dispatcher for DefaultDaemonConnection: socket connection from /127.0.0.1:38579 to /127.0.0.1:38580" [_thread_blocked, id=4544, stack(0x000000001abe0000,0x000000001ace0000)]
  0x0000000018e58000 JavaThread "Daemon worker" [_thread_in_vm, id=4216, stack(0x000000001aae0000,0x000000001abe0000)]
  0x0000000018e54800 JavaThread "Cancel handler" [_thread_blocked, id=7556, stack(0x000000001a9e0000,0x000000001aae0000)]
  0x0000000019858800 JavaThread "Handler for socket connection from /127.0.0.1:38579 to /127.0.0.1:38580" [_thread_in_native, id=2524, stack(0x000000001a6e0000,0x000000001a7e0000)]
  0x0000000019856000 JavaThread "Daemon" [_thread_blocked, id=5764, stack(0x000000001a5e0000,0x000000001a6e0000)]
  0x0000000019826800 JavaThread "Daemon periodic checks" [_thread_blocked, id=6324, stack(0x000000001a4e0000,0x000000001a5e0000)]
  0x000000001980a800 JavaThread "Incoming local TCP Connector on port 38579" [_thread_in_native, id=5612, stack(0x000000001a2f0000,0x000000001a3f0000)]
  0x00000000197c0800 JavaThread "Daemon health stats" [_thread_blocked, id=3712, stack(0x0000000019d10000,0x0000000019e10000)]
  0x0000000017f68800 JavaThread "Service Thread" daemon [_thread_blocked, id=6060, stack(0x0000000018340000,0x0000000018440000)]
  0x000000001661a000 JavaThread "C1 CompilerThread2" daemon [_thread_blocked, id=1412, stack(0x0000000017e40000,0x0000000017f40000)]
=>0x000000001660c800 JavaThread "C2 CompilerThread1" daemon [_thread_in_native, id=6600, stack(0x0000000017d40000,0x0000000017e40000)]
  0x000000001660a000 JavaThread "C2 CompilerThread0" daemon [_thread_in_native, id=3732, stack(0x0000000017c40000,0x0000000017d40000)]
  0x0000000016618000 JavaThread "Attach Listener" daemon [_thread_blocked, id=3136, stack(0x0000000017b40000,0x0000000017c40000)]
  0x0000000016617000 JavaThread "Signal Dispatcher" daemon [_thread_blocked, id=3908, stack(0x0000000017a40000,0x0000000017b40000)]
  0x0000000002c9c000 JavaThread "Finalizer" daemon [_thread_blocked, id=3640, stack(0x0000000017860000,0x0000000017960000)]
  0x0000000002c91000 JavaThread "Reference Handler" daemon [_thread_blocked, id=1100, stack(0x0000000017760000,0x0000000017860000)]
  0x0000000002ba1000 JavaThread "main" [_thread_blocked, id=5212, stack(0x0000000002a00000,0x0000000002b00000)]

Other Threads:
  0x00000000165d7000 VMThread [stack: 0x0000000017660000,0x0000000017760000] [id=3284]
  0x000000001666e800 WatcherThread [stack: 0x0000000018440000,0x0000000018540000] [id=2700]

VM state:not at safepoint (normal execution)

VM Mutex/Monitor currently owned by a thread: None

Heap:
 PSYoungGen      total 73728K, used 13749K [0x00000000e0000000, 0x00000000e7100000, 0x0000000100000000)
  eden space 67584K, 11% used [0x00000000e0000000,0x00000000e07ce910,0x00000000e4200000)
  from space 6144K, 93% used [0x00000000e6b00000,0x00000000e709ec68,0x00000000e7100000)
  to   space 10752K, 0% used [0x00000000e5c00000,0x00000000e5c00000,0x00000000e6680000)
 ParOldGen       total 56320K, used 10625K [0x00000000a0000000, 0x00000000a3700000, 0x00000000e0000000)
  object space 56320K, 18% used [0x00000000a0000000,0x00000000a0a607a8,0x00000000a3700000)
 Metaspace       used 26277K, capacity 26730K, committed 26880K, reserved 1073152K
  class space    used 3677K, capacity 3827K, committed 3840K, reserved 1048576K

Card table byte_map: [0x0000000012060000,0x0000000012370000] byte_map_base: 0x0000000011b60000

Marking Bits: (ParMarkBitMap*) 0x00000000606bd850
 Begin Bits: [0x0000000012970000, 0x0000000014170000)
 End Bits:   [0x0000000014170000, 0x0000000015970000)

Polling page: 0x0000000001270000

CodeCache: size=245760Kb used=8562Kb max_used=8578Kb free=237197Kb
 bounds [0x0000000002ca0000, 0x0000000003510000, 0x0000000011ca0000]
 total_blobs=2775 nmethods=2128 adapters=559
 compilation: enabled

Compilation events (10 events):
Event: 8.667 Thread 0x000000001661a000 nmethod 2121 0x00000000034f4350 code [0x00000000034f44c0, 0x00000000034f4708]
Event: 8.667 Thread 0x000000001661a000 2124       3       org.codehaus.groovy.util.AbstractConcurrentMapBase::segmentFor (17 bytes)
Event: 8.667 Thread 0x000000001661a000 nmethod 2124 0x00000000034f3f90 code [0x00000000034f40e0, 0x00000000034f4270]
Event: 8.667 Thread 0x000000001661a000 2123       3       org.codehaus.groovy.util.AbstractConcurrentMap::segmentFor (9 bytes)
Event: 8.667 Thread 0x000000001661a000 nmethod 2123 0x00000000034f3a10 code [0x00000000034f3b80, 0x00000000034f3e50]
Event: 8.667 Thread 0x000000001661a000 2122       3       org.codehaus.groovy.util.ManagedConcurrentMap$EntryWithValue::<init> (16 bytes)
Event: 8.668 Thread 0x000000001661a000 nmethod 2122 0x00000000034f3310 code [0x00000000034f34a0, 0x00000000034f3838]
Event: 8.680 Thread 0x000000001660c800 nmethod 2091 0x00000000034f87d0 code [0x00000000034f8a40, 0x00000000034fa8a0]
Event: 8.704 Thread 0x000000001660a000 nmethod 2118 0x00000000034fbcd0 code [0x00000000034fbf40, 0x00000000034fd360]
Event: 8.704 Thread 0x000000001660c800 2125   !   4       java.net.URL::<init> (543 bytes)

GC Heap History (10 events):
Event: 3.354 GC heap before
{Heap before GC invocations=3 (full 0):
 PSYoungGen      total 28672K, used 27426K [0x00000000e0000000, 0x00000000e3800000, 0x0000000100000000)
  eden space 24576K, 100% used [0x00000000e0000000,0x00000000e1800000,0x00000000e1800000)
  from space 4096K, 69% used [0x00000000e1c00000,0x00000000e1ec8848,0x00000000e2000000)
  to   space 4096K, 0% used [0x00000000e1800000,0x00000000e1800000,0x00000000e1c00000)
 ParOldGen       total 65536K, used 16K [0x00000000a0000000, 0x00000000a4000000, 0x00000000e0000000)
  object space 65536K, 0% used [0x00000000a0000000,0x00000000a0004000,0x00000000a4000000)
 Metaspace       used 12400K, capacity 12754K, committed 12928K, reserved 1060864K
  class space    used 1702K, capacity 1833K, committed 1920K, reserved 1048576K
Event: 3.371 GC heap after
Heap after GC invocations=3 (full 0):
 PSYoungGen      total 28672K, used 4080K [0x00000000e0000000, 0x00000000e3800000, 0x0000000100000000)
  eden space 24576K, 0% used [0x00000000e0000000,0x00000000e0000000,0x00000000e1800000)
  from space 4096K, 99% used [0x00000000e1800000,0x00000000e1bfc030,0x00000000e1c00000)
  to   space 4096K, 0% used [0x00000000e3400000,0x00000000e3400000,0x00000000e3800000)
 ParOldGen       total 65536K, used 1683K [0x00000000a0000000, 0x00000000a4000000, 0x00000000e0000000)
  object space 65536K, 2% used [0x00000000a0000000,0x00000000a01a4db8,0x00000000a4000000)
 Metaspace       used 12400K, capacity 12754K, committed 12928K, reserved 1060864K
  class space    used 1702K, capacity 1833K, committed 1920K, reserved 1048576K
}
Event: 3.993 GC heap before
{Heap before GC invocations=4 (full 0):
 PSYoungGen      total 28672K, used 28656K [0x00000000e0000000, 0x00000000e3800000, 0x0000000100000000)
  eden space 24576K, 100% used [0x00000000e0000000,0x00000000e1800000,0x00000000e1800000)
  from space 4096K, 99% used [0x00000000e1800000,0x00000000e1bfc030,0x00000000e1c00000)
  to   space 4096K, 0% used [0x00000000e3400000,0x00000000e3400000,0x00000000e3800000)
 ParOldGen       total 65536K, used 1683K [0x00000000a0000000, 0x00000000a4000000, 0x00000000e0000000)
  object space 65536K, 2% used [0x00000000a0000000,0x00000000a01a4db8,0x00000000a4000000)
 Metaspace       used 14398K, capacity 14710K, committed 14848K, reserved 1062912K
  class space    used 2058K, capacity 2187K, committed 2304K, reserved 1048576K
Event: 4.011 GC heap after
Heap after GC invocations=4 (full 0):
 PSYoungGen      total 53248K, used 4080K [0x00000000e0000000, 0x00000000e3800000, 0x0000000100000000)
  eden space 49152K, 0% used [0x00000000e0000000,0x00000000e0000000,0x00000000e3000000)
  from space 4096K, 99% used [0x00000000e3400000,0x00000000e37fc010,0x00000000e3800000)
  to   space 4096K, 0% used [0x00000000e3000000,0x00000000e3000000,0x00000000e3400000)
 ParOldGen       total 65536K, used 4018K [0x00000000a0000000, 0x00000000a4000000, 0x00000000e0000000)
  object space 65536K, 6% used [0x00000000a0000000,0x00000000a03ecb88,0x00000000a4000000)
 Metaspace       used 14398K, capacity 14710K, committed 14848K, reserved 1062912K
  class space    used 2058K, capacity 2187K, committed 2304K, reserved 1048576K
}
Event: 6.160 GC heap before
{Heap before GC invocations=5 (full 0):
 PSYoungGen      total 53248K, used 51672K [0x00000000e0000000, 0x00000000e3800000, 0x0000000100000000)
  eden space 49152K, 96% used [0x00000000e0000000,0x00000000e2e7a270,0x00000000e3000000)
  from space 4096K, 99% used [0x00000000e3400000,0x00000000e37fc010,0x00000000e3800000)
  to   space 4096K, 0% used [0x00000000e3000000,0x00000000e3000000,0x00000000e3400000)
 ParOldGen       total 65536K, used 4018K [0x00000000a0000000, 0x00000000a4000000, 0x00000000e0000000)
  object space 65536K, 6% used [0x00000000a0000000,0x00000000a03ecb88,0x00000000a4000000)
 Metaspace       used 20777K, capacity 21168K, committed 21296K, reserved 1067008K
  class space    used 2966K, capacity 3134K, committed 3200K, reserved 1048576K
Event: 6.187 GC heap after
Heap after GC invocations=5 (full 0):
 PSYoungGen      total 53248K, used 4064K [0x00000000e0000000, 0x00000000e7600000, 0x0000000100000000)
  eden space 49152K, 0% used [0x00000000e0000000,0x00000000e0000000,0x00000000e3000000)
  from space 4096K, 99% used [0x00000000e3000000,0x00000000e33f8050,0x00000000e3400000)
  to   space 11264K, 0% used [0x00000000e6b00000,0x00000000e6b00000,0x00000000e7600000)
 ParOldGen       total 65536K, used 10650K [0x00000000a0000000, 0x00000000a4000000, 0x00000000e0000000)
  object space 65536K, 16% used [0x00000000a0000000,0x00000000a0a66a48,0x00000000a4000000)
 Metaspace       used 20777K, capacity 21168K, committed 21296K, reserved 1067008K
  class space    used 2966K, capacity 3134K, committed 3200K, reserved 1048576K
}
Event: 6.187 GC heap before
{Heap before GC invocations=6 (full 1):
 PSYoungGen      total 53248K, used 4064K [0x00000000e0000000, 0x00000000e7600000, 0x0000000100000000)
  eden space 49152K, 0% used [0x00000000e0000000,0x00000000e0000000,0x00000000e3000000)
  from space 4096K, 99% used [0x00000000e3000000,0x00000000e33f8050,0x00000000e3400000)
  to   space 11264K, 0% used [0x00000000e6b00000,0x00000000e6b00000,0x00000000e7600000)
 ParOldGen       total 65536K, used 10650K [0x00000000a0000000, 0x00000000a4000000, 0x00000000e0000000)
  object space 65536K, 16% used [0x00000000a0000000,0x00000000a0a66a48,0x00000000a4000000)
 Metaspace       used 20777K, capacity 21168K, committed 21296K, reserved 1067008K
  class space    used 2966K, capacity 3134K, committed 3200K, reserved 1048576K
Event: 6.321 GC heap after
Heap after GC invocations=6 (full 1):
 PSYoungGen      total 53248K, used 0K [0x00000000e0000000, 0x00000000e7600000, 0x0000000100000000)
  eden space 49152K, 0% used [0x00000000e0000000,0x00000000e0000000,0x00000000e3000000)
  from space 4096K, 0% used [0x00000000e3000000,0x00000000e3000000,0x00000000e3400000)
  to   space 11264K, 0% used [0x00000000e6b00000,0x00000000e6b00000,0x00000000e7600000)
 ParOldGen       total 56320K, used 10617K [0x00000000a0000000, 0x00000000a3700000, 0x00000000e0000000)
  object space 56320K, 18% used [0x00000000a0000000,0x00000000a0a5e7a8,0x00000000a3700000)
 Metaspace       used 20777K, capacity 21168K, committed 21296K, reserved 1067008K
  class space    used 2966K, capacity 3134K, committed 3200K, reserved 1048576K
}
Event: 8.484 GC heap before
{Heap before GC invocations=7 (full 1):
 PSYoungGen      total 53248K, used 49152K [0x00000000e0000000, 0x00000000e7600000, 0x0000000100000000)
  eden space 49152K, 100% used [0x00000000e0000000,0x00000000e3000000,0x00000000e3000000)
  from space 4096K, 0% used [0x00000000e3000000,0x00000000e3000000,0x00000000e3400000)
  to   space 11264K, 0% used [0x00000000e6b00000,0x00000000e6b00000,0x00000000e7600000)
 ParOldGen       total 56320K, used 10617K [0x00000000a0000000, 0x00000000a3700000, 0x00000000e0000000)
  object space 56320K, 18% used [0x00000000a0000000,0x00000000a0a5e7a8,0x00000000a3700000)
 Metaspace       used 25843K, capacity 26316K, committed 26624K, reserved 1073152K
  class space    used 3618K, capacity 3753K, committed 3840K, reserved 1048576K
Event: 8.492 GC heap after
Heap after GC invocations=7 (full 1):
 PSYoungGen      total 73728K, used 5755K [0x00000000e0000000, 0x00000000e7100000, 0x0000000100000000)
  eden space 67584K, 0% used [0x00000000e0000000,0x00000000e0000000,0x00000000e4200000)
  from space 6144K, 93% used [0x00000000e6b00000,0x00000000e709ec68,0x00000000e7100000)
  to   space 10752K, 0% used [0x00000000e5c00000,0x00000000e5c00000,0x00000000e6680000)
 ParOldGen       total 56320K, used 10625K [0x00000000a0000000, 0x00000000a3700000, 0x00000000e0000000)
  object space 56320K, 18% used [0x00000000a0000000,0x00000000a0a607a8,0x00000000a3700000)
 Metaspace       used 25843K, capacity 26316K, committed 26624K, reserved 1073152K
  class space    used 3618K, capacity 3753K, committed 3840K, reserved 1048576K
}

Deoptimization events (10 events):
Event: 7.694 Thread 0x0000000018e58000 Uncommon trap: reason=unstable_if action=reinterpret pc=0x00000000030ad8fc method=java.util.HashMap.getNode(ILjava/lang/Object;)Ljava/util/HashMap$Node; @ 53
Event: 7.694 Thread 0x0000000018e58000 Uncommon trap: reason=unstable_if action=reinterpret pc=0x0000000003103de4 method=java.util.HashMap.hash(Ljava/lang/Object;)I @ 1
Event: 7.895 Thread 0x0000000018e58000 Uncommon trap: reason=class_check action=maybe_recompile pc=0x0000000003264100 method=java.lang.reflect.Method.equals(Ljava/lang/Object;)Z @ 5
Event: 7.899 Thread 0x0000000018e58000 Uncommon trap: reason=class_check action=maybe_recompile pc=0x0000000003264100 method=java.lang.reflect.Method.equals(Ljava/lang/Object;)Z @ 5
Event: 8.214 Thread 0x0000000018e58000 Uncommon trap: reason=unstable_if action=reinterpret pc=0x0000000002f48330 method=java.util.LinkedHashMap.afterNodeInsertion(Z)V @ 1
Event: 8.250 Thread 0x0000000018e58000 Uncommon trap: reason=class_check action=maybe_recompile pc=0x0000000003264100 method=java.lang.reflect.Method.equals(Ljava/lang/Object;)Z @ 5
Event: 8.250 Thread 0x0000000018e58000 Uncommon trap: reason=class_check action=maybe_recompile pc=0x0000000003264100 method=java.lang.reflect.Method.equals(Ljava/lang/Object;)Z @ 5
Event: 8.493 Thread 0x0000000002c91000 Uncommon trap: reason=unstable_if action=reinterpret pc=0x00000000032775f8 method=java.lang.ref.Reference.tryHandlePending(Z)Z @ 104
Event: 8.579 Thread 0x0000000018e58000 Uncommon trap: reason=class_check action=maybe_recompile pc=0x0000000002e6f088 method=sun.misc.URLClassPath.getLoader(I)Lsun/misc/URLClassPath$Loader; @ 94
Event: 8.603 Thread 0x0000000018e58000 Uncommon trap: reason=class_check action=maybe_recompile pc=0x0000000002e66340 method=sun.misc.URLClassPath.getLoader(I)Lsun/misc/URLClassPath$Loader; @ 239

Internal exceptions (10 events):
Event: 7.481 Thread 0x0000000018e58000 Implicit null exception at 0x00000000031124d5 to 0x00000000031126d1
Event: 7.694 Thread 0x0000000018e58000 Implicit null exception at 0x000000000310395b to 0x0000000003103dd1
Event: 8.604 Thread 0x0000000018e58000 Exception <a 'java/lang/ClassNotFoundException': build_4j7z1b4fhn2gtib0rvz6h7vdwBeanInfo> (0x00000000e0100fa8) thrown at [C:\re\workspace\8-2-build-windows-amd64-cygwin\jdk8u141\9370\hotspot\src\share\vm\classfile\systemDictionary.cpp, line 210]
Event: 8.604 Thread 0x0000000018e58000 Exception <a 'java/lang/ClassNotFoundException': org/gradle/api/internal/project/ProjectScriptBeanInfo> (0x00000000e014f8b0) thrown at [C:\re\workspace\8-2-build-windows-amd64-cygwin\jdk8u141\9370\hotspot\src\share\vm\classfile\systemDictionary.cpp, line 
Event: 8.606 Thread 0x0000000018e58000 Exception <a 'java/lang/ClassNotFoundException': org/gradle/api/internal/project/ProjectScriptCustomizer> (0x00000000e01634c8) thrown at [C:\re\workspace\8-2-build-windows-amd64-cygwin\jdk8u141\9370\hotspot\src\share\vm\classfile\systemDictionary.cpp, lin
Event: 8.609 Thread 0x0000000018e58000 Exception <a 'java/lang/ClassNotFoundException': build_4j7z1b4fhn2gtib0rvz6h7vdwCustomizer> (0x00000000e01824e0) thrown at [C:\re\workspace\8-2-build-windows-amd64-cygwin\jdk8u141\9370\hotspot\src\share\vm\classfile\systemDictionary.cpp, line 210]
Event: 8.633 Thread 0x0000000018e58000 Exception <a 'java/lang/ClassNotFoundException': groovy/lang/Closure$1BeanInfo> (0x00000000e01d3b48) thrown at [C:\re\workspace\8-2-build-windows-amd64-cygwin\jdk8u141\9370\hotspot\src\share\vm\classfile\systemDictionary.cpp, line 210]
Event: 8.634 Thread 0x0000000018e58000 Exception <a 'java/lang/ClassNotFoundException': groovy/lang/ClosureBeanInfo> (0x00000000e01ecc70) thrown at [C:\re\workspace\8-2-build-windows-amd64-cygwin\jdk8u141\9370\hotspot\src\share\vm\classfile\systemDictionary.cpp, line 210]
Event: 8.635 Thread 0x0000000018e58000 Exception <a 'java/lang/ClassNotFoundException': groovy/lang/ClosureCustomizer> (0x00000000e0206570) thrown at [C:\re\workspace\8-2-build-windows-amd64-cygwin\jdk8u141\9370\hotspot\src\share\vm\classfile\systemDictionary.cpp, line 210]
Event: 8.640 Thread 0x0000000018e58000 Exception <a 'java/lang/ClassNotFoundException': groovy/lang/Closure$1Customizer> (0x00000000e0247058) thrown at [C:\re\workspace\8-2-build-windows-amd64-cygwin\jdk8u141\9370\hotspot\src\share\vm\classfile\systemDictionary.cpp, line 210]

Events (10 events):
Event: 8.718 loading class org/codehaus/groovy/runtime/callsite/CallSiteClassLoader
Event: 8.718 loading class org/codehaus/groovy/runtime/callsite/CallSiteClassLoader done
Event: 8.719 loading class org/codehaus/groovy/reflection/ClassLoaderForClassArtifacts
Event: 8.719 loading class org/codehaus/groovy/reflection/ClassLoaderForClassArtifacts done
Event: 8.720 loading class groovyjarjarasm/asm/Edge
Event: 8.720 loading class groovyjarjarasm/asm/Edge done
Event: 8.721 loading class groovyjarjarasm/asm/Handler
Event: 8.721 loading class groovyjarjarasm/asm/Handler done
Event: 8.721 loading class org/codehaus/groovy/reflection/ClassLoaderForClassArtifacts$1
Event: 8.722 loading class org/codehaus/groovy/reflection/ClassLoaderForClassArtifacts$1 done


Dynamic libraries:
0x00007ff6f02d0000 - 0x00007ff6f0307000 	C:\Program Files\Java\jdk1.8.0_141\bin\java.exe
0x00007ffe2f7f0000 - 0x00007ffe2f99d000 	C:\Windows\SYSTEM32\ntdll.dll
0x00007ffe2e5d0000 - 0x00007ffe2e70e000 	C:\Windows\system32\KERNEL32.DLL
0x00007ffe2c9f0000 - 0x00007ffe2cb06000 	C:\Windows\system32\KERNELBASE.dll
0x00007ffe2b4c0000 - 0x00007ffe2b54e000 	C:\Windows\system32\apphelp.dll
0x00007ffe18460000 - 0x00007ffe184b4000 	C:\Windows\AppPatch\AppPatch64\AcGenral.DLL
0x00007ffe2eae0000 - 0x00007ffe2eb8a000 	C:\Windows\system32\msvcrt.dll
0x00007ffe2cc10000 - 0x00007ffe2cc3e000 	C:\Windows\system32\SspiCli.dll
0x00007ffe2eb90000 - 0x00007ffe2ebe4000 	C:\Windows\system32\SHLWAPI.dll
0x00007ffe2e8b0000 - 0x00007ffe2ea27000 	C:\Windows\system32\USER32.dll
0x00007ffe2e710000 - 0x00007ffe2e8a4000 	C:\Windows\system32\ole32.dll
0x00007ffe2d090000 - 0x00007ffe2e5bb000 	C:\Windows\system32\SHELL32.dll
0x00007ffe2bf40000 - 0x00007ffe2bf61000 	C:\Windows\SYSTEM32\USERENV.dll
0x00007ffe2ea30000 - 0x00007ffe2eada000 	C:\Windows\system32\ADVAPI32.dll
0x00007ffe24260000 - 0x00007ffe2427e000 	C:\Windows\SYSTEM32\MPR.dll
0x00007ffe2ec10000 - 0x00007ffe2ed50000 	C:\Windows\system32\RPCRT4.dll
0x00007ffe2f040000 - 0x00007ffe2f099000 	C:\Windows\SYSTEM32\sechost.dll
0x00007ffe2ce80000 - 0x00007ffe2d090000 	C:\Windows\SYSTEM32\combase.dll
0x00007ffe2f5e0000 - 0x00007ffe2f72c000 	C:\Windows\system32\GDI32.dll
0x00007ffe2c920000 - 0x00007ffe2c935000 	C:\Windows\SYSTEM32\profapi.dll
0x00007ffe2b400000 - 0x00007ffe2b4b2000 	C:\Windows\SYSTEM32\SHCORE.dll
0x00007ffe2f300000 - 0x00007ffe2f336000 	C:\Windows\system32\IMM32.DLL
0x00007ffe2edb0000 - 0x00007ffe2ef01000 	C:\Windows\system32\MSCTF.dll
0x00007ffe2a860000 - 0x00007ffe2aadb000 	C:\Windows\WinSxS\amd64_microsoft.windows.common-controls_6595b64144ccf1df_6.0.9600.18006_none_623f33d3ecbe86e8\COMCTL32.dll
0x0000000060740000 - 0x0000000060812000 	C:\Program Files\Java\jdk1.8.0_141\jre\bin\msvcr100.dll
0x000000005fea0000 - 0x000000006073d000 	C:\Program Files\Java\jdk1.8.0_141\jre\bin\server\jvm.dll
0x00007ffe23f90000 - 0x00007ffe23f99000 	C:\Windows\SYSTEM32\WSOCK32.dll
0x00007ffe291b0000 - 0x00007ffe291d2000 	C:\Windows\SYSTEM32\WINMM.dll
0x00007ffe2a550000 - 0x00007ffe2a55a000 	C:\Windows\SYSTEM32\VERSION.dll
0x00007ffe2f2f0000 - 0x00007ffe2f2f7000 	C:\Windows\system32\PSAPI.DLL
0x00007ffe2f290000 - 0x00007ffe2f2ea000 	C:\Windows\system32\WS2_32.dll
0x00007ffe28d40000 - 0x00007ffe28d6a000 	C:\Windows\SYSTEM32\WINMMBASE.dll
0x00007ffe2f280000 - 0x00007ffe2f289000 	C:\Windows\system32\NSI.dll
0x00007ffe2cb10000 - 0x00007ffe2cb5f000 	C:\Windows\SYSTEM32\cfgmgr32.dll
0x00007ffe2b730000 - 0x00007ffe2b758000 	C:\Windows\SYSTEM32\DEVOBJ.dll
0x0000000061b40000 - 0x0000000061b4f000 	C:\Program Files\Java\jdk1.8.0_141\jre\bin\verify.dll
0x0000000061b10000 - 0x0000000061b39000 	C:\Program Files\Java\jdk1.8.0_141\jre\bin\java.dll
0x0000000061af0000 - 0x0000000061b06000 	C:\Program Files\Java\jdk1.8.0_141\jre\bin\zip.dll
0x0000000061ad0000 - 0x0000000061aea000 	C:\Program Files\Java\jdk1.8.0_141\jre\bin\net.dll
0x00007ffe2c1b0000 - 0x00007ffe2c209000 	C:\Windows\system32\mswsock.dll
0x0000000061ab0000 - 0x0000000061ac1000 	C:\Program Files\Java\jdk1.8.0_141\jre\bin\nio.dll
0x00007ffe219a0000 - 0x00007ffe219be000 	C:\Users\Cyber_net\.gradle\native\25\windows-amd64\native-platform.dll
0x0000000061aa0000 - 0x0000000061aad000 	C:\Program Files\Java\jdk1.8.0_141\jre\bin\management.dll
0x00007ffe2c210000 - 0x00007ffe2c230000 	C:\Windows\SYSTEM32\CRYPTSP.dll
0x00007ffe2be30000 - 0x00007ffe2be66000 	C:\Windows\system32\rsaenh.dll
0x00007ffe2c480000 - 0x00007ffe2c4a6000 	C:\Windows\SYSTEM32\bcrypt.dll
0x00007ffe2c7f0000 - 0x00007ffe2c853000 	C:\Windows\system32\bcryptprimitives.dll
0x00007ffe2c860000 - 0x00007ffe2c86b000 	C:\Windows\SYSTEM32\CRYPTBASE.dll
0x00007ffe28b50000 - 0x00007ffe28b7a000 	C:\Windows\SYSTEM32\IPHLPAPI.DLL
0x00007ffe27b70000 - 0x00007ffe27b7a000 	C:\Windows\SYSTEM32\WINNSI.DLL
0x00007ffe27300000 - 0x00007ffe27316000 	C:\Windows\SYSTEM32\dhcpcsvc6.DLL
0x00007ffe27810000 - 0x00007ffe2782a000 	C:\Windows\SYSTEM32\dhcpcsvc.DLL
0x00007ffe16cf0000 - 0x00007ffe16e79000 	C:\Windows\SYSTEM32\dbghelp.dll

VM Arguments:
jvm_args: -Xmx1536m -Dfile.encoding=windows-1252 -Duser.country=US -Duser.language=en -Duser.variant 
java_command: org.gradle.launcher.daemon.bootstrap.GradleDaemon 4.4
java_class_path (initial): C:\Users\Cyber_net\.gradle\wrapper\dists\gradle-4.4-all\9br9xq1tocpiv8o6njlyu5op1\gradle-4.4\lib\gradle-launcher-4.4.jar
Launcher Type: SUN_STANDARD

Environment Variables:
JAVA_HOME=C:\Program Files\Java\jdk1.8.0_141
PATH=C:\Program Files (x86)\Common Files\Intel\Shared Files\cpp\bin\Intel64;C:\ProgramData\Oracle\Java\javapath;C:\Windows\system32;C:\Windows;C:\Windows\System32\Wbem;C:\Windows\System32\WindowsPowerShell\v1.0\;C:\Program Files\nodejs\;C:\xampp\php;C:\ProgramData\ComposerSetup\bin;C:\Program Files\Git\cmd;C:\xampp\apache\bin;C:\Users\Cyber_net\AppData\Roaming\npm;C:\Program Files\Java\jdk1.8.0_141\bin;C:\xampp\apache\bin;F:\SDK\tools;F:\SDK\platform-tools;C:\Users\Cyber_net\AppData\Roaming\Composer\vendor\bin;C:\Program Files\Microsoft VS Code\bin;C:\adb;C:\xampp\apache\bin;C:\Users\Cyber_net\AppData\Roaming\npm;C:\Program Files\Java\jdk1.8.0_141\bin;C:\xampp\apache\bin;F:\SDK\tools;F:\SDK\platform-tools;C:\Users\Cyber_net\AppData\Roaming\Composer\vendor\bin;C:\Program Files\Microsoft VS Code\bin
USERNAME=Cyber_net
OS=Windows_NT
PROCESSOR_IDENTIFIER=Intel64 Family 6 Model 69 Stepping 1, GenuineIntel



---------------  S Y S T E M  ---------------

OS: Windows 8.1 , 64 bit Build 9600 (6.3.9600.17415)

CPU:total 4 (initial active 4) (2 cores per cpu, 2 threads per core) family 6 model 69 stepping 1, cmov, cx8, fxsr, mmx, sse, sse2, sse3, ssse3, sse4.1, sse4.2, popcnt, avx, avx2, aes, clmul, erms, lzcnt, ht, tsc, tscinvbit, bmi1, bmi2

Memory: 4k page, physical 6171700k(1093380k free), swap 12463156k(6752240k free)

vm_info: Java HotSpot(TM) 64-Bit Server VM (25.141-b15) for windows-amd64 JRE (1.8.0_141-b15), built on Jul 12 2017 04:25:12 by "java_re" with MS VC++ 10.0 (VS2010)

time: Tue Nov 27 23:28:43 2018
elapsed time: 8 seconds (0d 0h 0m 8s)

