#
# A fatal error has been detected by the Java Runtime Environment:
#
#  EXCEPTION_ACCESS_VIOLATION (0xc0000005) at pc=0x00000000603c233c, pid=5704, tid=0x00000000000020ac
#
# JRE version: Java(TM) SE Runtime Environment (8.0_141-b15) (build 1.8.0_141-b15)
# Java VM: Java HotSpot(TM) 64-Bit Server VM (25.141-b15 mixed mode windows-amd64 compressed oops)
# Problematic frame:
# V  [jvm.dll+0x52233c]
#
# Failed to write core dump. Minidumps are not enabled by default on client versions of Windows
#
# If you would like to submit a bug report, please visit:
#   http://bugreport.java.com/bugreport/crash.jsp
#

---------------  T H R E A D  ---------------

Current thread (0x0000000015aa6000):  JavaThread "C2 CompilerThread1" daemon [_thread_in_native, id=8364, stack(0x00000000170f0000,0x00000000171f0000)]

siginfo: ExceptionCode=0xc0000005, writing address 0x00000000739a3d83

Registers:
RAX=0x000000001d2a5048, RBX=0x000000001d2a46c0, RCX=0x00000000171ed8b0, RDX=0x000000001d2a4080
RSP=0x00000000171ed870, RBP=0x00000000171ed949, RSI=0x00000000171ee780, RDI=0x000000001d2a5048
R8 =0x000000001d2a5048, R9 =0x0000000000002444, R10=0x0000000015ab64f0, R11=0x0000000000000000
R12=0x000000001d2a4fe0, R13=0x000000001d2a4660, R14=0x00000000171eda80, R15=0x00000000181edc40
RIP=0x00000000603c233c, EFLAGS=0x0000000000010206

Top of Stack: (sp=0x00000000171ed870)
0x00000000171ed870:   00000000171ed949 000000001d2a4fe0
0x00000000171ed880:   000000001d2a46c0 00000000171ee780
0x00000000171ed890:   00000000bf800000 0000000000000000
0x00000000171ed8a0:   0000000000000000 000000007fffffff
0x00000000171ed8b0:   000000006050d170 0000000000000001
0x00000000171ed8c0:   00000000171ee780 00000000171ef330
0x00000000171ed8d0:   00000000171edd20 000000001d2a3e70
0x00000000171ed8e0:   0000000000000000 0000000000000087
0x00000000171ed8f0:   000000001ae31490 0000000000000000
0x00000000171ed900:   0000000000000001 000000001d2a46c0
0x00000000171ed910:   000000001d2a4660 000000001b10d178
0x00000000171ed920:   00000000181ee8d0 000000001d2a4620
0x00000000171ed930:   000000001d09d7e8 000000001d09d090
0x00000000171ed940:   0000000000000000 0000000000000000
0x00000000171ed950:   0000000000000000 0000000000000000
0x00000000171ed960:   000000001d09d090 0000000060482828 

Instructions: (pc=0x00000000603c233c)
0x00000000603c231c:   48 8b 4d 87 48 8b d7 48 8b 01 ff 50 08 48 8b 4d
0x00000000603c232c:   8f 0f 28 df 48 8b 51 08 48 8d 4c 24 40 4c 8b c0
0x00000000603c233c:   f3 0f 11 74 ac ef 46 ea 9a b7 75 0e 7e cf 4b ea
0x00000000603c234c:   64 24 50 49 83 bc 24 b0 01 00 00 c7 48 8b f0 76 


Register to memory mapping:

RAX=0x000000001d2a5048 is an unknown value
RBX=0x000000001d2a46c0 is an unknown value
RCX=0x00000000171ed8b0 is pointing into the stack for thread: 0x0000000015aa6000
RDX=0x000000001d2a4080 is an unknown value
RSP=0x00000000171ed870 is pointing into the stack for thread: 0x0000000015aa6000
RBP=0x00000000171ed949 is pointing into the stack for thread: 0x0000000015aa6000
RSI=0x00000000171ee780 is pointing into the stack for thread: 0x0000000015aa6000
RDI=0x000000001d2a5048 is an unknown value
R8 =0x000000001d2a5048 is an unknown value
R9 =0x0000000000002444 is an unknown value
R10=0x0000000015ab64f0 is an unknown value
R11=0x0000000000000000 is an unknown value
R12=0x000000001d2a4fe0 is an unknown value
R13=0x000000001d2a4660 is an unknown value
R14=0x00000000171eda80 is pointing into the stack for thread: 0x0000000015aa6000
R15=0x00000000181edc40 is an unknown value


Stack: [0x00000000170f0000,0x00000000171f0000],  sp=0x00000000171ed870,  free space=1014k
Native frames: (J=compiled Java code, j=interpreted, Vv=VM code, C=native code)
V  [jvm.dll+0x52233c]
V  [jvm.dll+0x522cb0]
V  [jvm.dll+0x473d30]
V  [jvm.dll+0x476cf4]
V  [jvm.dll+0x4598c2]
V  [jvm.dll+0xa5dc2]
V  [jvm.dll+0xa66ff]
V  [jvm.dll+0x24524f]
V  [jvm.dll+0x29ca6a]
C  [msvcr100.dll+0x21d9f]
C  [msvcr100.dll+0x21e3b]
C  [KERNEL32.DLL+0x13d2]
C  [ntdll.dll+0x154f4]


Current CompileTask:
C2:   8628 2606   !   4       java.net.URL::<init> (543 bytes)


---------------  P R O C E S S  ---------------

Java Threads: ( => current thread )
  0x00000000189fc000 JavaThread "build operations Thread 4" [_thread_blocked, id=7280, stack(0x000000001f920000,0x000000001fa20000)]
  0x00000000189fa800 JavaThread "build operations Thread 3" [_thread_blocked, id=5840, stack(0x000000001f610000,0x000000001f710000)]
  0x00000000189fd800 JavaThread "build operations Thread 2" [_thread_blocked, id=7880, stack(0x000000001f510000,0x000000001f610000)]
  0x00000000189fb000 JavaThread "build operations" [_thread_blocked, id=9112, stack(0x000000001ef40000,0x000000001f040000)]
  0x00000000189f6800 JavaThread "Cache worker for Artifact transforms cache (C:\Users\Cyber_net\.gradle\caches\transforms-1)" [_thread_blocked, id=7048, stack(0x000000001ca30000,0x000000001cb30000)]
  0x00000000189f7800 JavaThread "Cache worker for file hash cache (F:\PROJECT_ANDROID\PROJECTKU\EKinerja\.gradle\4.4\fileHashes)" [_thread_blocked, id=6744, stack(0x000000001b560000,0x000000001b660000)]
  0x00000000189f9000 JavaThread "File lock request listener" [_thread_in_native, id=4968, stack(0x000000001a490000,0x000000001a590000)]
  0x00000000189f8000 JavaThread "Cache worker for file hash cache (C:\Users\Cyber_net\.gradle\caches\4.4\fileHashes)" [_thread_blocked, id=8848, stack(0x000000001a390000,0x000000001a490000)]
  0x00000000186d6800 JavaThread "Stdin handler" [_thread_blocked, id=5828, stack(0x000000001a090000,0x000000001a190000)]
  0x0000000018953000 JavaThread "Asynchronous log dispatcher for DefaultDaemonConnection: socket connection from /127.0.0.1:40171 to /127.0.0.1:40172" [_thread_blocked, id=9068, stack(0x0000000019f90000,0x000000001a090000)]
  0x00000000186dd000 JavaThread "Daemon worker" [_thread_in_vm, id=7912, stack(0x0000000019e90000,0x0000000019f90000)]
  0x00000000186db800 JavaThread "Cancel handler" [_thread_blocked, id=7188, stack(0x0000000019d90000,0x0000000019e90000)]
  0x0000000018a50000 JavaThread "Handler for socket connection from /127.0.0.1:40171 to /127.0.0.1:40172" [_thread_in_native, id=8560, stack(0x0000000019a90000,0x0000000019b90000)]
  0x0000000018a4a800 JavaThread "Daemon" [_thread_blocked, id=5100, stack(0x0000000019990000,0x0000000019a90000)]
  0x000000001888c000 JavaThread "Daemon periodic checks" [_thread_blocked, id=7304, stack(0x0000000019890000,0x0000000019990000)]
  0x0000000018860800 JavaThread "Incoming local TCP Connector on port 40171" [_thread_in_native, id=8340, stack(0x00000000196a0000,0x00000000197a0000)]
  0x00000000186b1800 JavaThread "Daemon health stats" [_thread_blocked, id=8272, stack(0x00000000190c0000,0x00000000191c0000)]
  0x0000000017318800 JavaThread "Service Thread" daemon [_thread_blocked, id=9092, stack(0x00000000176f0000,0x00000000177f0000)]
  0x0000000015aab000 JavaThread "C1 CompilerThread2" daemon [_thread_in_vm, id=5196, stack(0x00000000171f0000,0x00000000172f0000)]
=>0x0000000015aa6000 JavaThread "C2 CompilerThread1" daemon [_thread_in_native, id=8364, stack(0x00000000170f0000,0x00000000171f0000)]
  0x0000000015a9f800 JavaThread "C2 CompilerThread0" daemon [_thread_in_native, id=6776, stack(0x0000000016ff0000,0x00000000170f0000)]
  0x0000000015a9e000 JavaThread "Attach Listener" daemon [_thread_blocked, id=5960, stack(0x0000000016ef0000,0x0000000016ff0000)]
  0x0000000015a9a800 JavaThread "Signal Dispatcher" daemon [_thread_blocked, id=5200, stack(0x0000000016df0000,0x0000000016ef0000)]
  0x0000000015a8a800 JavaThread "Finalizer" daemon [_thread_blocked, id=8516, stack(0x0000000016cf0000,0x0000000016df0000)]
  0x000000000211f800 JavaThread "Reference Handler" daemon [_thread_blocked, id=8464, stack(0x0000000016bf0000,0x0000000016cf0000)]
  0x0000000002031000 JavaThread "main" [_thread_blocked, id=8936, stack(0x0000000001e30000,0x0000000001f30000)]

Other Threads:
  0x0000000015a68000 VMThread [stack: 0x0000000016af0000,0x0000000016bf0000] [id=8456]
  0x0000000017356000 WatcherThread [stack: 0x00000000177f0000,0x00000000178f0000] [id=3852]

VM state:not at safepoint (normal execution)

VM Mutex/Monitor currently owned by a thread: None

Heap:
 PSYoungGen      total 86016K, used 26267K [0x00000000e0000000, 0x00000000e5d00000, 0x0000000100000000)
  eden space 76800K, 25% used [0x00000000e0000000,0x00000000e1350660,0x00000000e4b00000)
  from space 9216K, 70% used [0x00000000e5400000,0x00000000e5a566f8,0x00000000e5d00000)
  to   space 9216K, 0% used [0x00000000e4b00000,0x00000000e4b00000,0x00000000e5400000)
 ParOldGen       total 47616K, used 8576K [0x00000000a0000000, 0x00000000a2e80000, 0x00000000e0000000)
  object space 47616K, 18% used [0x00000000a0000000,0x00000000a0860370,0x00000000a2e80000)
 Metaspace       used 29377K, capacity 29840K, committed 30080K, reserved 1075200K
  class space    used 4213K, capacity 4373K, committed 4480K, reserved 1048576K

Card table byte_map: [0x00000000114f0000,0x0000000011800000] byte_map_base: 0x0000000010ff0000

Marking Bits: (ParMarkBitMap*) 0x00000000606bd850
 Begin Bits: [0x0000000011e00000, 0x0000000013600000)
 End Bits:   [0x0000000013600000, 0x0000000014e00000)

Polling page: 0x0000000000670000

CodeCache: size=245760Kb used=9485Kb max_used=9485Kb free=236274Kb
 bounds [0x0000000002130000, 0x0000000002a80000, 0x0000000011130000]
 total_blobs=3262 nmethods=2600 adapters=574
 compilation: enabled

Compilation events (10 events):
Event: 8.589 Thread 0x0000000015aab000 nmethod 2616 0x00000000022481d0 code [0x0000000002248360, 0x0000000002248848]
Event: 8.591 Thread 0x0000000015aab000 2617       3       java.lang.ThreadLocal$ThreadLocalMap::expungeStaleEntry (146 bytes)
Event: 8.592 Thread 0x0000000015aab000 nmethod 2617 0x0000000002263610 code [0x0000000002263800, 0x00000000022644b0]
Event: 8.593 Thread 0x0000000015aab000 2618       3       org.gradle.internal.serialize.kryo.KryoBackedEncoder::writeSmallInt (11 bytes)
Event: 8.593 Thread 0x0000000015aab000 nmethod 2618 0x0000000002247dd0 code [0x0000000002247f40, 0x00000000022480e8]
Event: 8.593 Thread 0x0000000015aab000 2619       3       com.esotericsoftware.kryo.io.Output::writeInt (433 bytes)
Event: 8.594 Thread 0x0000000015aab000 nmethod 2619 0x0000000002287610 code [0x0000000002287800, 0x0000000002287f48]
Event: 8.594 Thread 0x0000000015aab000 2620       1       sun.nio.ch.NativeThread::current (2 bytes)
Event: 8.594 Thread 0x0000000015aab000 nmethod 2620 0x0000000002287390 code [0x00000000022874e0, 0x00000000022875d0]
Event: 8.595 Thread 0x0000000015aab000 2621   !   3       java.io.ObjectOutputStream::writeObject0 (619 bytes)

GC Heap History (10 events):
Event: 5.083 GC heap before
{Heap before GC invocations=5 (full 0):
 PSYoungGen      total 28672K, used 28656K [0x00000000e0000000, 0x00000000e3800000, 0x0000000100000000)
  eden space 24576K, 100% used [0x00000000e0000000,0x00000000e1800000,0x00000000e1800000)
  from space 4096K, 99% used [0x00000000e1c00000,0x00000000e1ffc030,0x00000000e2000000)
  to   space 4096K, 0% used [0x00000000e1800000,0x00000000e1800000,0x00000000e1c00000)
 ParOldGen       total 65536K, used 4107K [0x00000000a0000000, 0x00000000a4000000, 0x00000000e0000000)
  object space 65536K, 6% used [0x00000000a0000000,0x00000000a0402d60,0x00000000a4000000)
 Metaspace       used 16778K, capacity 17142K, committed 17280K, reserved 1064960K
  class space    used 2454K, capacity 2571K, committed 2688K, reserved 1048576K
Event: 5.101 GC heap after
Heap after GC invocations=5 (full 0):
 PSYoungGen      total 28672K, used 4064K [0x00000000e0000000, 0x00000000e4100000, 0x0000000100000000)
  eden space 24576K, 0% used [0x00000000e0000000,0x00000000e0000000,0x00000000e1800000)
  from space 4096K, 99% used [0x00000000e1800000,0x00000000e1bf8020,0x00000000e1c00000)
  to   space 8704K, 0% used [0x00000000e3880000,0x00000000e3880000,0x00000000e4100000)
 ParOldGen       total 65536K, used 7154K [0x00000000a0000000, 0x00000000a4000000, 0x00000000e0000000)
  object space 65536K, 10% used [0x00000000a0000000,0x00000000a06fcad0,0x00000000a4000000)
 Metaspace       used 16778K, capacity 17142K, committed 17280K, reserved 1064960K
  class space    used 2454K, capacity 2571K, committed 2688K, reserved 1048576K
}
Event: 5.791 GC heap before
{Heap before GC invocations=6 (full 0):
 PSYoungGen      total 28672K, used 25961K [0x00000000e0000000, 0x00000000e4100000, 0x0000000100000000)
  eden space 24576K, 89% used [0x00000000e0000000,0x00000000e1562790,0x00000000e1800000)
  from space 4096K, 99% used [0x00000000e1800000,0x00000000e1bf8020,0x00000000e1c00000)
  to   space 8704K, 0% used [0x00000000e3880000,0x00000000e3880000,0x00000000e4100000)
 ParOldGen       total 65536K, used 7154K [0x00000000a0000000, 0x00000000a4000000, 0x00000000e0000000)
  object space 65536K, 10% used [0x00000000a0000000,0x00000000a06fcad0,0x00000000a4000000)
 Metaspace       used 20777K, capacity 21168K, committed 21296K, reserved 1067008K
  class space    used 2970K, capacity 3134K, committed 3200K, reserved 1048576K
Event: 5.816 GC heap after
Heap after GC invocations=6 (full 0):
 PSYoungGen      total 56832K, used 7604K [0x00000000e0000000, 0x00000000e4300000, 0x0000000100000000)
  eden space 48128K, 0% used [0x00000000e0000000,0x00000000e0000000,0x00000000e2f00000)
  from space 8704K, 87% used [0x00000000e3880000,0x00000000e3fed128,0x00000000e4100000)
  to   space 9728K, 0% used [0x00000000e2f00000,0x00000000e2f00000,0x00000000e3880000)
 ParOldGen       total 65536K, used 7162K [0x00000000a0000000, 0x00000000a4000000, 0x00000000e0000000)
  object space 65536K, 10% used [0x00000000a0000000,0x00000000a06fead0,0x00000000a4000000)
 Metaspace       used 20777K, capacity 21168K, committed 21296K, reserved 1067008K
  class space    used 2970K, capacity 3134K, committed 3200K, reserved 1048576K
}
Event: 5.816 GC heap before
{Heap before GC invocations=7 (full 1):
 PSYoungGen      total 56832K, used 7604K [0x00000000e0000000, 0x00000000e4300000, 0x0000000100000000)
  eden space 48128K, 0% used [0x00000000e0000000,0x00000000e0000000,0x00000000e2f00000)
  from space 8704K, 87% used [0x00000000e3880000,0x00000000e3fed128,0x00000000e4100000)
  to   space 9728K, 0% used [0x00000000e2f00000,0x00000000e2f00000,0x00000000e3880000)
 ParOldGen       total 65536K, used 7162K [0x00000000a0000000, 0x00000000a4000000, 0x00000000e0000000)
  object space 65536K, 10% used [0x00000000a0000000,0x00000000a06fead0,0x00000000a4000000)
 Metaspace       used 20777K, capacity 21168K, committed 21296K, reserved 1067008K
  class space    used 2970K, capacity 3134K, committed 3200K, reserved 1048576K
Event: 5.898 GC heap after
Heap after GC invocations=7 (full 1):
 PSYoungGen      total 56832K, used 0K [0x00000000e0000000, 0x00000000e4300000, 0x0000000100000000)
  eden space 48128K, 0% used [0x00000000e0000000,0x00000000e0000000,0x00000000e2f00000)
  from space 8704K, 0% used [0x00000000e3880000,0x00000000e3880000,0x00000000e4100000)
  to   space 9728K, 0% used [0x00000000e2f00000,0x00000000e2f00000,0x00000000e3880000)
 ParOldGen       total 47616K, used 8560K [0x00000000a0000000, 0x00000000a2e80000, 0x00000000e0000000)
  object space 47616K, 17% used [0x00000000a0000000,0x00000000a085c370,0x00000000a2e80000)
 Metaspace       used 20777K, capacity 21168K, committed 21296K, reserved 1067008K
  class space    used 2970K, capacity 3134K, committed 3200K, reserved 1048576K
}
Event: 7.191 GC heap before
{Heap before GC invocations=8 (full 1):
 PSYoungGen      total 56832K, used 48128K [0x00000000e0000000, 0x00000000e4300000, 0x0000000100000000)
  eden space 48128K, 100% used [0x00000000e0000000,0x00000000e2f00000,0x00000000e2f00000)
  from space 8704K, 0% used [0x00000000e3880000,0x00000000e3880000,0x00000000e4100000)
  to   space 9728K, 0% used [0x00000000e2f00000,0x00000000e2f00000,0x00000000e3880000)
 ParOldGen       total 47616K, used 8560K [0x00000000a0000000, 0x00000000a2e80000, 0x00000000e0000000)
  object space 47616K, 17% used [0x00000000a0000000,0x00000000a085c370,0x00000000a2e80000)
 Metaspace       used 25767K, capacity 26214K, committed 26368K, reserved 1071104K
  class space    used 3603K, capacity 3720K, committed 3840K, reserved 1048576K
Event: 7.218 GC heap after
Heap after GC invocations=8 (full 1):
 PSYoungGen      total 57856K, used 5777K [0x00000000e0000000, 0x00000000e5d00000, 0x0000000100000000)
  eden space 48128K, 0% used [0x00000000e0000000,0x00000000e0000000,0x00000000e2f00000)
  from space 9728K, 59% used [0x00000000e2f00000,0x00000000e34a46f0,0x00000000e3880000)
  to   space 9216K, 0% used [0x00000000e5400000,0x00000000e5400000,0x00000000e5d00000)
 ParOldGen       total 47616K, used 8568K [0x00000000a0000000, 0x00000000a2e80000, 0x00000000e0000000)
  object space 47616K, 17% used [0x00000000a0000000,0x00000000a085e370,0x00000000a2e80000)
 Metaspace       used 25767K, capacity 26214K, committed 26368K, reserved 1071104K
  class space    used 3603K, capacity 3720K, committed 3840K, reserved 1048576K
}
Event: 8.069 GC heap before
{Heap before GC invocations=9 (full 1):
 PSYoungGen      total 57856K, used 53905K [0x00000000e0000000, 0x00000000e5d00000, 0x0000000100000000)
  eden space 48128K, 100% used [0x00000000e0000000,0x00000000e2f00000,0x00000000e2f00000)
  from space 9728K, 59% used [0x00000000e2f00000,0x00000000e34a46f0,0x00000000e3880000)
  to   space 9216K, 0% used [0x00000000e5400000,0x00000000e5400000,0x00000000e5d00000)
 ParOldGen       total 47616K, used 8568K [0x00000000a0000000, 0x00000000a2e80000, 0x00000000e0000000)
  object space 47616K, 17% used [0x00000000a0000000,0x00000000a085e370,0x00000000a2e80000)
 Metaspace       used 28497K, capacity 28944K, committed 29184K, reserved 1075200K
  class space    used 4086K, capacity 4245K, committed 4352K, reserved 1048576K
Event: 8.086 GC heap after
Heap after GC invocations=9 (full 1):
 PSYoungGen      total 86016K, used 6489K [0x00000000e0000000, 0x00000000e5d00000, 0x0000000100000000)
  eden space 76800K, 0% used [0x00000000e0000000,0x00000000e0000000,0x00000000e4b00000)
  from space 9216K, 70% used [0x00000000e5400000,0x00000000e5a566f8,0x00000000e5d00000)
  to   space 9216K, 0% used [0x00000000e4b00000,0x00000000e4b00000,0x00000000e5400000)
 ParOldGen       total 47616K, used 8576K [0x00000000a0000000, 0x00000000a2e80000, 0x00000000e0000000)
  object space 47616K, 18% used [0x00000000a0000000,0x00000000a0860370,0x00000000a2e80000)
 Metaspace       used 28497K, capacity 28944K, committed 29184K, reserved 1075200K
  class space    used 4086K, capacity 4245K, committed 4352K, reserved 1048576K
}

Deoptimization events (10 events):
Event: 6.958 Thread 0x00000000186dd000 Uncommon trap: reason=class_check action=maybe_recompile pc=0x00000000026d6bc0 method=java.lang.reflect.Method.equals(Ljava/lang/Object;)Z @ 5
Event: 7.219 Thread 0x000000000211f800 Uncommon trap: reason=unstable_if action=reinterpret pc=0x00000000026d7738 method=java.lang.ref.Reference.tryHandlePending(Z)Z @ 104
Event: 7.261 Thread 0x00000000189f7800 Uncommon trap: reason=bimorphic action=maybe_recompile pc=0x0000000002716b78 method=java.io.BufferedInputStream.read([BII)I @ 101
Event: 7.292 Thread 0x00000000186dd000 Uncommon trap: reason=class_check action=maybe_recompile pc=0x00000000022e6998 method=sun.misc.URLClassPath.getLoader(I)Lsun/misc/URLClassPath$Loader; @ 94
Event: 7.451 Thread 0x00000000186dd000 Uncommon trap: reason=unstable_if action=reinterpret pc=0x00000000023b3d0c method=java.io.WinNTFileSystem.resolve(Ljava/lang/String;Ljava/lang/String;)Ljava/lang/String; @ 49
Event: 8.127 Thread 0x00000000186dd000 Uncommon trap: reason=bimorphic action=maybe_recompile pc=0x0000000002716b78 method=java.io.BufferedInputStream.read([BII)I @ 101
Event: 8.159 Thread 0x00000000186dd000 Uncommon trap: reason=bimorphic action=maybe_recompile pc=0x0000000002716b78 method=java.io.BufferedInputStream.read([BII)I @ 101
Event: 8.169 Thread 0x00000000186dd000 Uncommon trap: reason=bimorphic action=maybe_recompile pc=0x0000000002716b78 method=java.io.BufferedInputStream.read([BII)I @ 101
Event: 8.561 Thread 0x00000000189fd800 Uncommon trap: reason=unstable_if action=reinterpret pc=0x0000000002620d90 method=java.util.concurrent.ConcurrentHashMap.putVal(Ljava/lang/Object;Ljava/lang/Object;Z)Ljava/lang/Object; @ 98
Event: 8.569 Thread 0x00000000189fc000 Uncommon trap: reason=unstable_if action=reinterpret pc=0x0000000002a68604 method=com.esotericsoftware.kryo.io.Output.writeString(Ljava/lang/CharSequence;)V @ 1

Internal exceptions (10 events):
Event: 7.551 Thread 0x00000000186dd000 Exception <a 'java/lang/ClassNotFoundException': org/gradle/api/internal/DefaultNamedDomainObjectCollectionCustomizer> (0x00000000e0d51688) thrown at [C:\re\workspace\8-2-build-windows-amd64-cygwin\jdk8u141\9370\hotspot\src\share\vm\classfile\systemDictio
Event: 7.556 Thread 0x00000000186dd000 Exception <a 'java/lang/ClassNotFoundException': org/gradle/api/internal/DefaultNamedDomainObjectListCustomizer> (0x00000000e0da8588) thrown at [C:\re\workspace\8-2-build-windows-amd64-cygwin\jdk8u141\9370\hotspot\src\share\vm\classfile\systemDictionary.c
Event: 7.560 Thread 0x00000000186dd000 Exception <a 'java/lang/ClassNotFoundException': org/gradle/api/internal/artifacts/DefaultArtifactRepositoryContainerCustomizer> (0x00000000e0e138a8) thrown at [C:\re\workspace\8-2-build-windows-amd64-cygwin\jdk8u141\9370\hotspot\src\share\vm\classfile\sy
Event: 7.566 Thread 0x00000000186dd000 Exception <a 'java/lang/ClassNotFoundException': org/gradle/api/internal/artifacts/dsl/DefaultRepositoryHandlerCustomizer> (0x00000000e0e71278) thrown at [C:\re\workspace\8-2-build-windows-amd64-cygwin\jdk8u141\9370\hotspot\src\share\vm\classfile\systemDi
Event: 7.570 Thread 0x00000000186dd000 Exception <a 'java/lang/ClassNotFoundException': org/gradle/api/internal/artifacts/dsl/DefaultRepositoryHandler_DecoratedCustomizer> (0x00000000e0ed72b8) thrown at [C:\re\workspace\8-2-build-windows-amd64-cygwin\jdk8u141\9370\hotspot\src\share\vm\classfil
Event: 7.880 Thread 0x00000000186dd000 Exception <a 'java/lang/ClassNotFoundException': org/gradle/api/internal/artifacts/dsl/dependencies/DefaultDependencyHandler_DecoratedBeanInfo> (0x00000000e21717f8) thrown at [C:\re\workspace\8-2-build-windows-amd64-cygwin\jdk8u141\9370\hotspot\src\share\
Event: 7.882 Thread 0x00000000186dd000 Exception <a 'java/lang/ClassNotFoundException': org/gradle/api/internal/artifacts/dsl/dependencies/DefaultDependencyHandlerBeanInfo> (0x00000000e21b9fe8) thrown at [C:\re\workspace\8-2-build-windows-amd64-cygwin\jdk8u141\9370\hotspot\src\share\vm\classfi
Event: 7.883 Thread 0x00000000186dd000 Exception <a 'java/lang/ClassNotFoundException': org/gradle/api/internal/artifacts/dsl/dependencies/DefaultDependencyHandlerCustomizer> (0x00000000e22035c0) thrown at [C:\re\workspace\8-2-build-windows-amd64-cygwin\jdk8u141\9370\hotspot\src\share\vm\class
Event: 7.886 Thread 0x00000000186dd000 Exception <a 'java/lang/ClassNotFoundException': org/gradle/api/internal/artifacts/dsl/dependencies/DefaultDependencyHandler_DecoratedCustomizer> (0x00000000e2270cb8) thrown at [C:\re\workspace\8-2-build-windows-amd64-cygwin\jdk8u141\9370\hotspot\src\shar
Event: 8.569 Thread 0x00000000189fc000 Implicit null exception at 0x0000000002a68330 to 0x0000000002a685f1

Events (10 events):
Event: 8.583 Executing VM operation: RevokeBias
Event: 8.583 Executing VM operation: RevokeBias done
Event: 8.586 Executing VM operation: RevokeBias
Event: 8.586 Executing VM operation: RevokeBias done
Event: 8.589 Executing VM operation: RevokeBias
Event: 8.589 Executing VM operation: RevokeBias done
Event: 8.597 Executing VM operation: RevokeBias
Event: 8.597 Executing VM operation: RevokeBias done
Event: 8.600 Executing VM operation: RevokeBias
Event: 8.600 Executing VM operation: RevokeBias done


Dynamic libraries:
0x00007ff6f02d0000 - 0x00007ff6f0307000 	C:\Program Files\Java\jdk1.8.0_141\bin\java.exe
0x00007ffe2f7f0000 - 0x00007ffe2f99d000 	C:\Windows\SYSTEM32\ntdll.dll
0x00007ffe2e5d0000 - 0x00007ffe2e70e000 	C:\Windows\system32\KERNEL32.DLL
0x00007ffe2c9f0000 - 0x00007ffe2cb06000 	C:\Windows\system32\KERNELBASE.dll
0x00007ffe2b4c0000 - 0x00007ffe2b54e000 	C:\Windows\system32\apphelp.dll
0x00007ffe18070000 - 0x00007ffe180c4000 	C:\Windows\AppPatch\AppPatch64\AcGenral.DLL
0x00007ffe2eae0000 - 0x00007ffe2eb8a000 	C:\Windows\system32\msvcrt.dll
0x00007ffe2cc10000 - 0x00007ffe2cc3e000 	C:\Windows\system32\SspiCli.dll
0x00007ffe2eb90000 - 0x00007ffe2ebe4000 	C:\Windows\system32\SHLWAPI.dll
0x00007ffe2e8b0000 - 0x00007ffe2ea27000 	C:\Windows\system32\USER32.dll
0x00007ffe2e710000 - 0x00007ffe2e8a4000 	C:\Windows\system32\ole32.dll
0x00007ffe2d090000 - 0x00007ffe2e5bb000 	C:\Windows\system32\SHELL32.dll
0x00007ffe2bf40000 - 0x00007ffe2bf61000 	C:\Windows\SYSTEM32\USERENV.dll
0x00007ffe2ea30000 - 0x00007ffe2eada000 	C:\Windows\system32\ADVAPI32.dll
0x00007ffe24260000 - 0x00007ffe2427e000 	C:\Windows\SYSTEM32\MPR.dll
0x00007ffe2ec10000 - 0x00007ffe2ed50000 	C:\Windows\system32\RPCRT4.dll
0x00007ffe2f040000 - 0x00007ffe2f099000 	C:\Windows\SYSTEM32\sechost.dll
0x00007ffe2ce80000 - 0x00007ffe2d090000 	C:\Windows\SYSTEM32\combase.dll
0x00007ffe2f5e0000 - 0x00007ffe2f72c000 	C:\Windows\system32\GDI32.dll
0x00007ffe2c920000 - 0x00007ffe2c935000 	C:\Windows\SYSTEM32\profapi.dll
0x00007ffe2b400000 - 0x00007ffe2b4b2000 	C:\Windows\SYSTEM32\SHCORE.dll
0x00007ffe2f300000 - 0x00007ffe2f336000 	C:\Windows\system32\IMM32.DLL
0x00007ffe2edb0000 - 0x00007ffe2ef01000 	C:\Windows\system32\MSCTF.dll
0x00007ffe2a860000 - 0x00007ffe2aadb000 	C:\Windows\WinSxS\amd64_microsoft.windows.common-controls_6595b64144ccf1df_6.0.9600.18006_none_623f33d3ecbe86e8\COMCTL32.dll
0x0000000060740000 - 0x0000000060812000 	C:\Program Files\Java\jdk1.8.0_141\jre\bin\msvcr100.dll
0x000000005fea0000 - 0x000000006073d000 	C:\Program Files\Java\jdk1.8.0_141\jre\bin\server\jvm.dll
0x00007ffe23f90000 - 0x00007ffe23f99000 	C:\Windows\SYSTEM32\WSOCK32.dll
0x00007ffe291b0000 - 0x00007ffe291d2000 	C:\Windows\SYSTEM32\WINMM.dll
0x00007ffe2a550000 - 0x00007ffe2a55a000 	C:\Windows\SYSTEM32\VERSION.dll
0x00007ffe2f2f0000 - 0x00007ffe2f2f7000 	C:\Windows\system32\PSAPI.DLL
0x00007ffe2f290000 - 0x00007ffe2f2ea000 	C:\Windows\system32\WS2_32.dll
0x00007ffe28d40000 - 0x00007ffe28d6a000 	C:\Windows\SYSTEM32\WINMMBASE.dll
0x00007ffe2f280000 - 0x00007ffe2f289000 	C:\Windows\system32\NSI.dll
0x00007ffe2cb10000 - 0x00007ffe2cb5f000 	C:\Windows\SYSTEM32\cfgmgr32.dll
0x00007ffe2b730000 - 0x00007ffe2b758000 	C:\Windows\SYSTEM32\DEVOBJ.dll
0x0000000061b40000 - 0x0000000061b4f000 	C:\Program Files\Java\jdk1.8.0_141\jre\bin\verify.dll
0x0000000061b10000 - 0x0000000061b39000 	C:\Program Files\Java\jdk1.8.0_141\jre\bin\java.dll
0x0000000061af0000 - 0x0000000061b06000 	C:\Program Files\Java\jdk1.8.0_141\jre\bin\zip.dll
0x0000000061ad0000 - 0x0000000061aea000 	C:\Program Files\Java\jdk1.8.0_141\jre\bin\net.dll
0x00007ffe2c1b0000 - 0x00007ffe2c209000 	C:\Windows\system32\mswsock.dll
0x0000000061ab0000 - 0x0000000061ac1000 	C:\Program Files\Java\jdk1.8.0_141\jre\bin\nio.dll
0x00007ffe219a0000 - 0x00007ffe219be000 	C:\Users\Cyber_net\.gradle\native\25\windows-amd64\native-platform.dll
0x0000000061aa0000 - 0x0000000061aad000 	C:\Program Files\Java\jdk1.8.0_141\jre\bin\management.dll
0x00007ffe2c210000 - 0x00007ffe2c230000 	C:\Windows\SYSTEM32\CRYPTSP.dll
0x00007ffe2be30000 - 0x00007ffe2be66000 	C:\Windows\system32\rsaenh.dll
0x00007ffe2c480000 - 0x00007ffe2c4a6000 	C:\Windows\SYSTEM32\bcrypt.dll
0x00007ffe2c7f0000 - 0x00007ffe2c853000 	C:\Windows\system32\bcryptprimitives.dll
0x00007ffe2c860000 - 0x00007ffe2c86b000 	C:\Windows\SYSTEM32\CRYPTBASE.dll
0x00007ffe28b50000 - 0x00007ffe28b7a000 	C:\Windows\SYSTEM32\IPHLPAPI.DLL
0x00007ffe27b70000 - 0x00007ffe27b7a000 	C:\Windows\SYSTEM32\WINNSI.DLL
0x00007ffe27300000 - 0x00007ffe27316000 	C:\Windows\SYSTEM32\dhcpcsvc6.DLL
0x00007ffe27810000 - 0x00007ffe2782a000 	C:\Windows\SYSTEM32\dhcpcsvc.DLL
0x00007ffe16cf0000 - 0x00007ffe16e79000 	C:\Windows\SYSTEM32\dbghelp.dll

VM Arguments:
jvm_args: -Xmx1536m -Dfile.encoding=windows-1252 -Duser.country=US -Duser.language=en -Duser.variant 
java_command: org.gradle.launcher.daemon.bootstrap.GradleDaemon 4.4
java_class_path (initial): C:\Users\Cyber_net\.gradle\wrapper\dists\gradle-4.4-all\9br9xq1tocpiv8o6njlyu5op1\gradle-4.4\lib\gradle-launcher-4.4.jar
Launcher Type: SUN_STANDARD

Environment Variables:
JAVA_HOME=C:\Program Files\Java\jdk1.8.0_141
PATH=C:\Program Files (x86)\Common Files\Intel\Shared Files\cpp\bin\Intel64;C:\ProgramData\Oracle\Java\javapath;C:\Windows\system32;C:\Windows;C:\Windows\System32\Wbem;C:\Windows\System32\WindowsPowerShell\v1.0\;C:\Program Files\nodejs\;C:\xampp\php;C:\ProgramData\ComposerSetup\bin;C:\Program Files\Git\cmd;C:\xampp\apache\bin;C:\Users\Cyber_net\AppData\Roaming\npm;C:\Program Files\Java\jdk1.8.0_141\bin;C:\xampp\apache\bin;F:\SDK\tools;F:\SDK\platform-tools;C:\Users\Cyber_net\AppData\Roaming\Composer\vendor\bin;C:\Program Files\Microsoft VS Code\bin;C:\adb;C:\xampp\apache\bin;C:\Users\Cyber_net\AppData\Roaming\npm;C:\Program Files\Java\jdk1.8.0_141\bin;C:\xampp\apache\bin;F:\SDK\tools;F:\SDK\platform-tools;C:\Users\Cyber_net\AppData\Roaming\Composer\vendor\bin;C:\Program Files\Microsoft VS Code\bin
USERNAME=Cyber_net
OS=Windows_NT
PROCESSOR_IDENTIFIER=Intel64 Family 6 Model 69 Stepping 1, GenuineIntel



---------------  S Y S T E M  ---------------

OS: Windows 8.1 , 64 bit Build 9600 (6.3.9600.17415)

CPU:total 4 (initial active 4) (2 cores per cpu, 2 threads per core) family 6 model 69 stepping 1, cmov, cx8, fxsr, mmx, sse, sse2, sse3, ssse3, sse4.1, sse4.2, popcnt, avx, avx2, aes, clmul, erms, lzcnt, ht, tsc, tscinvbit, bmi1, bmi2

Memory: 4k page, physical 6171700k(1071256k free), swap 12463156k(6859172k free)

vm_info: Java HotSpot(TM) 64-Bit Server VM (25.141-b15) for windows-amd64 JRE (1.8.0_141-b15), built on Jul 12 2017 04:25:12 by "java_re" with MS VC++ 10.0 (VS2010)

time: Wed Nov 28 00:48:46 2018
elapsed time: 8 seconds (0d 0h 0m 8s)

